<?xml version="1.0" encoding="UTF-8"?>
<testsuite xmlns:xsi="http://www.w3.org/2001/XMLSchema-instance" xsi:noNamespaceSchemaLocation="https://maven.apache.org/surefire/maven-surefire-plugin/xsd/surefire-test-report-3.0.xsd" version="3.0" name="com.example.SolutionTest" time="0.02" tests="8" errors="0" skipped="0" failures="0">
  <properties>
[...]
</properties>
  <testcase name="testSingleElement" classname="com.example.SolutionTest" time="0.01"/>
  <testcase name="testRepeatingNumbers" classname="com.example.SolutionTest" time="0.0"/>
  <testcase name="testAllZeros" classname="com.example.SolutionTest" time="0.0"/>
  <testcase name="testSimilarNumbers" classname="com.example.SolutionTest" time="0.0"/>
  <testcase name="testMixedSingleAndMultipleDigits" classname="com.example.SolutionTest" time="0.0"/>
  <testcase name="testSingleZero" classname="com.example.SolutionTest" time="0.0"/>
  <testcase name="testTypicalCase" classname="com.example.SolutionTest" time="0.0"/>
  <testcase name="testLargeNumber" classname="com.example.SolutionTest" time="0.0"/>
</testsuite>